#
# There is insufficient memory for the Java Runtime Environment to continue.
# Native memory allocation (mmap) failed to map 65536 bytes. Error detail: Failed to commit metaspace.
# Possible reasons:
#   The system is out of physical RAM or swap space
#   This process is running with CompressedOops enabled, and the Java Heap may be blocking the growth of the native heap
# Possible solutions:
#   Reduce memory load on the system
#   Increase physical memory or swap space
#   Check if swap backing store is full
#   Decrease Java heap size (-Xmx/-Xms)
#   Decrease number of Java threads
#   Decrease Java thread stack sizes (-Xss)
#   Set larger code cache with -XX:ReservedCodeCacheSize=
#   JVM is running with Unscaled Compressed Oops mode in which the Java heap is
#     placed in the first 4GB address space. The Java Heap base address is the
#     maximum limit for the native heap growth. Please use -XX:HeapBaseMinAddress
#     to set the Java Heap base and to place the Java Heap above 4GB virtual address.
# This output file may be truncated or incomplete.
#
#  Out of Memory Error (virtualSpaceNode.cpp:112), pid=10512, tid=10496
#
# JRE version: Java(TM) SE Runtime Environment (22.0.1+8) (build 22.0.1+8-16)
# Java VM: Java HotSpot(TM) 64-Bit Server VM (22.0.1+8-16, mixed mode, tiered, compressed oops, compressed class ptrs, g1 gc, windows-amd64)
# No core dump will be written. Minidumps are not enabled by default on client versions of Windows
#

---------------  S U M M A R Y ------------

Command Line: -Dfile.encoding=UTF-8 -Dstdout.encoding=UTF-8 -Dstderr.encoding=UTF-8 -XX:+ShowCodeDetailsInExceptionMessages Konnect.Registration

Host: Intel(R) Core(TM) i3-1005G1 CPU @ 1.20GHz, 4 cores, 3G,  Windows 10 , 64 bit Build 19041 (10.0.19041.2251)
Time: Sun Oct  6 14:04:59 2024 Eastern Daylight Time elapsed time: 0.658640 seconds (0d 0h 0m 0s)

---------------  T H R E A D  ---------------

Current thread (0x000001a8f2ac2880):  JavaThread "main"             [_thread_in_vm, id=10496, stack(0x000000a511e00000,0x000000a511f00000) (1024K)]

Stack: [0x000000a511e00000,0x000000a511f00000]
Native frames: (J=compiled Java code, j=interpreted, Vv=VM code, C=native code)
V  [jvm.dll+0x6e2279]  (no source info available)
V  [jvm.dll+0x874e33]  (no source info available)
V  [jvm.dll+0x87725e]  (no source info available)
V  [jvm.dll+0x877933]  (no source info available)
V  [jvm.dll+0x27fd76]  (no source info available)
V  [jvm.dll+0x870a7e]  (no source info available)
V  [jvm.dll+0x6852e5]  (no source info available)
V  [jvm.dll+0x68534a]  (no source info available)
V  [jvm.dll+0x687b8a]  (no source info available)
V  [jvm.dll+0x2250ac]  (no source info available)
V  [jvm.dll+0x685cfe]  (no source info available)
V  [jvm.dll+0x269eaf]  (no source info available)
V  [jvm.dll+0x68ff54]  (no source info available)
V  [jvm.dll+0x215301]  (no source info available)
V  [jvm.dll+0x21578a]  (no source info available)
V  [jvm.dll+0x2161b1]  (no source info available)
V  [jvm.dll+0x20b4ee]  (no source info available)
V  [jvm.dll+0x5c462f]  (no source info available)
V  [jvm.dll+0x21cc6a]  (no source info available)
V  [jvm.dll+0x7eb6dc]  (no source info available)
V  [jvm.dll+0x7ec776]  (no source info available)
V  [jvm.dll+0x7ecd84]  (no source info available)
V  [jvm.dll+0x7eca08]  (no source info available)
V  [jvm.dll+0x26d79b]  (no source info available)
V  [jvm.dll+0x26d9ca]  (no source info available)
V  [jvm.dll+0x5e7d27]  (no source info available)
V  [jvm.dll+0x5ead26]  (no source info available)
V  [jvm.dll+0x3dd89d]  (no source info available)
V  [jvm.dll+0x3dce9d]  (no source info available)
C  0x000001a88754a171  (no source info available)

The last pc belongs to invokestatic (printed below).
Java frames: (J=compiled Java code, j=interpreted, Vv=VM code)
j  java.util.logging.LogManager.readPrimordialConfiguration()V+23 java.logging@22.0.1
j  java.util.logging.LogManager$2.run()Ljava/lang/Object;+87 java.logging@22.0.1
j  java.security.AccessController.executePrivileged(Ljava/security/PrivilegedAction;Ljava/security/AccessControlContext;Ljava/lang/Class;)Ljava/lang/Object;+29 java.base@22.0.1
j  java.security.AccessController.doPrivileged(Ljava/security/PrivilegedAction;)Ljava/lang/Object;+5 java.base@22.0.1
j  java.util.logging.LogManager.ensureLogManagerInitialized()V+101 java.logging@22.0.1
j  java.util.logging.LogManager.getLogManager()Ljava/util/logging/LogManager;+9 java.logging@22.0.1
j  java.util.logging.Logger.demandLogger(Ljava/lang/String;Ljava/lang/String;Ljava/lang/Class;)Ljava/util/logging/Logger;+0 java.logging@22.0.1
j  java.util.logging.Logger.getLogger(Ljava/lang/String;Ljava/lang/Class;)Ljava/util/logging/Logger;+3 java.logging@22.0.1
j  java.util.logging.Logger.getLogger(Ljava/lang/String;)Ljava/util/logging/Logger;+4 java.logging@22.0.1
j  org.openqa.selenium.remote.RemoteWebDriver.<clinit>()V+5
v  ~StubRoutines::call_stub 0x000001a88753100d
j  Konnect.Registration.main([Ljava/lang/String;)V+8
v  ~StubRoutines::call_stub 0x000001a88753100d
invokestatic  184 invokestatic  [0x000001a88754a0c0, 0x000001a88754a388]  712 bytes
[MachCode]
  0x000001a88754a0c0: 4883 ec08 | c5fa 1104 | 24eb 1f48 | 83ec 10c5 | fb11 0424 | eb14 4883 | ec10 4889 | 0424 48c7 
  0x000001a88754a0e0: 4424 0800 | 0000 00eb | 0150 488b | 4dd0 410f | b755 0148 | 8b49 306b | d218 488d | 4c11 080f 
  0x000001a88754a100: b659 1681 | fbb8 0000 | 000f 84bd | 0000 00bb | b800 0000 | e805 0000 | 00e9 9900 | 0000 488b 
  0x000001a88754a120: d348 8d44 | 2408 4c89 | 6dc0 498b | cfc5 f877 | 4989 afb0 | 0300 0049 | 8987 a003 | 0000 4883 
  0x000001a88754a140: ec20 40f6 | c40f 0f84 | 1900 0000 | 4883 ec08 | 48b8 30ce | 151e fb7f | 0000 ffd0 | 4883 c408 
  0x000001a88754a160: e90c 0000 | 0048 b830 | ce15 1efb | 7f00 00ff | d048 83c4 | 2049 c787 | a003 0000 | 0000 0000 
  0x000001a88754a180: 49c7 87b0 | 0300 0000 | 0000 0049 | c787 a803 | 0000 0000 | 0000 c5f8 | 7749 837f | 0800 0f84 
  0x000001a88754a1a0: 0500 0000 | e957 6dfe | ff4c 8b6d | c04c 8b75 | c84e 8d74 | f500 c348 | 8b4d d041 | 0fb7 5501 
  0x000001a88754a1c0: 488b 4930 | 6bd2 1848 | 8d4c 1108 | 488b 1948 | 8b5b 0848 | 8b5b 0848 | 8b5b 1880 | bb20 0100 
  0x000001a88754a1e0: 0005 0f84 | 0d00 0000 | 4c3b bb30 | 0100 000f | 851a ffff | ff0f b651 | 1548 8b19 | 4c89 6dc0 
  0x000001a88754a200: 448b ea0f | b651 1449 | ba00 b99f | 1efb 7f00 | 0049 8b14 | d252 418b | d54c 8b6d | c048 8b45 
  0x000001a88754a220: d848 85c0 | 0f84 1200 | 0000 4883 | 4008 0148 | 8358 0800 | 4883 c010 | 4889 45d8 | 488b 45d8 
  0x000001a88754a240: 4885 c00f | 8423 0100 | 0080 78f0 | 0a0f 8519 | 0100 0048 | 83c0 084c | 8b68 f841 | 83ed 0041 
  0x000001a88754a260: 83fd 020f | 8cf8 0000 | 004c 8b6b | 0845 0fb7 | 6d2e 4c2b | 2841 83ed | 014e 8b6c | ec08 4d85 
  0x000001a88754a280: ed75 0ef6 | 4008 0175 | 4bf0 4883 | 4808 01eb | 4345 8b6d | 084d 8bd5 | 4c33 6808 | 49f7 c5fc 
  0x000001a88754a2a0: ffff ff74 | 2f41 f6c5 | 0275 2948 | 8378 0800 | 741e 4883 | 7808 0174 | 174d 8bea | 4c33 6808 
  0x000001a88754a2c0: 49f7 c5fc | ffff ff74 | 0b48 8348 | 0802 eb04 | 4c89 6808 | 4883 c010 | 4c8b 68e8 | 4183 ed02 
  0x000001a88754a2e0: 4183 fd02 | 0f8c 7700 | 0000 4c8b | 6b08 450f | b76d 2e4c | 2b28 4183 | ed01 4e8b | 6cec 084d 
  0x000001a88754a300: 85ed 750e | f640 0801 | 754b f048 | 8348 0801 | eb43 458b | 6d08 4d8b | d54c 3368 | 0849 f7c5 
  0x000001a88754a320: fcff ffff | 742f 41f6 | c502 7529 | 4883 7808 | 0074 1e48 | 8378 0801 | 7417 4d8b | ea4c 3368 
  0x000001a88754a340: 0849 f7c5 | fcff ffff | 740b 4883 | 4808 02eb | 044c 8968 | 0848 83c0 | 104c 8b68 | d841 83ed 
  0x000001a88754a360: 0441 c1e5 | 0349 03c5 | 4889 45d8 | 4c8d 6c24 | 0849 8bcd | 482b cd48 | c1f9 0348 | 894d f0ff 
  0x000001a88754a380: 6350 660f | 1f44 0000 
[/MachCode]

---------------  P R O C E S S  ---------------

Threads class SMR info:
_java_thread_list=0x000001a89148cfa0, length=11, elements={
0x000001a8f2ac2880, 0x000001a8911bcc30, 0x000001a8911e9f00, 0x000001a891328ea0,
0x000001a891329900, 0x000001a8911f6260, 0x000001a8911f6cc0, 0x000001a891318340,
0x000001a8911fa320, 0x000001a8914b8bb0, 0x000001a8914c7e30
}

Java Threads: ( => current thread )
=>0x000001a8f2ac2880 JavaThread "main"                              [_thread_in_vm, id=10496, stack(0x000000a511e00000,0x000000a511f00000) (1024K)]
  0x000001a8911bcc30 JavaThread "Reference Handler"          daemon [_thread_blocked, id=10476, stack(0x000000a512600000,0x000000a512700000) (1024K)]
  0x000001a8911e9f00 JavaThread "Finalizer"                  daemon [_thread_blocked, id=7508, stack(0x000000a512700000,0x000000a512800000) (1024K)]
  0x000001a891328ea0 JavaThread "Signal Dispatcher"          daemon [_thread_blocked, id=4228, stack(0x000000a512800000,0x000000a512900000) (1024K)]
  0x000001a891329900 JavaThread "Attach Listener"            daemon [_thread_blocked, id=11176, stack(0x000000a512900000,0x000000a512a00000) (1024K)]
  0x000001a8911f6260 JavaThread "Service Thread"             daemon [_thread_blocked, id=6528, stack(0x000000a512a00000,0x000000a512b00000) (1024K)]
  0x000001a8911f6cc0 JavaThread "Monitor Deflation Thread"   daemon [_thread_blocked, id=13864, stack(0x000000a512b00000,0x000000a512c00000) (1024K)]
  0x000001a891318340 JavaThread "C2 CompilerThread0"         daemon [_thread_blocked, id=14924, stack(0x000000a512c00000,0x000000a512d00000) (1024K)]
  0x000001a8911fa320 JavaThread "C1 CompilerThread0"         daemon [_thread_blocked, id=11468, stack(0x000000a512d00000,0x000000a512e00000) (1024K)]
  0x000001a8914b8bb0 JavaThread "Notification Thread"        daemon [_thread_blocked, id=716, stack(0x000000a512e00000,0x000000a512f00000) (1024K)]
  0x000001a8914c7e30 JavaThread "Common-Cleaner"             daemon [_thread_blocked, id=14720, stack(0x000000a512f00000,0x000000a513000000) (1024K)]
Total: 11

Other Threads:
  0x000001a8911853f0 VMThread "VM Thread"                           [id=4016, stack(0x000000a512500000,0x000000a512600000) (1024K)]
  0x000001a8f4d2cbd0 WatcherThread "VM Periodic Task Thread"        [id=8676, stack(0x000000a512400000,0x000000a512500000) (1024K)]
  0x000001a8f4cb7120 WorkerThread "GC Thread#0"                     [id=8560, stack(0x000000a511f00000,0x000000a512000000) (1024K)]
  0x000001a8f4cc0aa0 ConcurrentGCThread "G1 Main Marker"            [id=7524, stack(0x000000a512000000,0x000000a512100000) (1024K)]
  0x000001a8f4cc1f00 WorkerThread "G1 Conc#0"                       [id=5632, stack(0x000000a512100000,0x000000a512200000) (1024K)]
  0x000001a8f4d18270 ConcurrentGCThread "G1 Refine#0"               [id=13612, stack(0x000000a512200000,0x000000a512300000) (1024K)]
  0x000001a8f4d1b750 ConcurrentGCThread "G1 Service"                [id=9004, stack(0x000000a512300000,0x000000a512400000) (1024K)]
Total: 7

Threads with active compile tasks:
Total: 0

VM state: not at safepoint (normal execution)

VM Mutex/Monitor currently owned by a thread:  ([mutex/lock_event])
[0x00007ffb1e9e9b38] Metaspace_lock - owner thread: 0x000001a8f2ac2880

Heap address: 0x00000000c3400000, size: 972 MB, Compressed Oops mode: 32-bit

CDS archive(s) not mapped
Compressed class space mapped at: 0x000000003c000000-0x000000007c000000, reserved size: 1073741824
Narrow klass base: 0x0000000000000000, Narrow klass shift: 0, Narrow klass range: 0x7c000000

GC Precious Log:
 CardTable entry size: 512
 Card Set container configuration: InlinePtr #cards 5 size 8 Array Of Cards #cards 12 size 40 Howl #buckets 4 coarsen threshold 1843 Howl Bitmap #cards 512 size 80 coarsen threshold 460 Card regions per heap region 1 cards per card region 2048
 CPUs: 4 total, 4 available
 Memory: 3885M
 Large Page Support: Disabled
 NUMA Support: Disabled
 Compressed Oops: Enabled (32-bit)
 Heap Region Size: 1M
 Heap Min Capacity: 8M
 Heap Initial Capacity: 62M
 Heap Max Capacity: 972M
 Pre-touch: Disabled
 Parallel Workers: 4
 Concurrent Workers: 1
 Concurrent Refinement Workers: 4
 Periodic GC: Disabled

Heap:
 garbage-first heap   total reserved 995328K, committed 63488K, used 3072K [0x00000000c3400000, 0x0000000100000000)
  region size 1024K, 4 young (4096K), 0 survivors (0K)
 Metaspace       used 7122K, committed 7296K, reserved 1114112K
  class space    used 607K, committed 704K, reserved 1048576K

Heap Regions: E=young(eden), S=young(survivor), O=old, HS=humongous(starts), HC=humongous(continues), CS=collection set, F=free, TAMS=top-at-mark-start, PB=parsable bottom
|   0|0x00000000c3400000, 0x00000000c3400000, 0x00000000c3500000|  0%| F|  |TAMS 0x00000000c3400000| PB 0x00000000c3400000| Untracked |  0
|   1|0x00000000c3500000, 0x00000000c3500000, 0x00000000c3600000|  0%| F|  |TAMS 0x00000000c3500000| PB 0x00000000c3500000| Untracked |  0
|   2|0x00000000c3600000, 0x00000000c3600000, 0x00000000c3700000|  0%| F|  |TAMS 0x00000000c3600000| PB 0x00000000c3600000| Untracked |  0
|   3|0x00000000c3700000, 0x00000000c3700000, 0x00000000c3800000|  0%| F|  |TAMS 0x00000000c3700000| PB 0x00000000c3700000| Untracked |  0
|   4|0x00000000c3800000, 0x00000000c3800000, 0x00000000c3900000|  0%| F|  |TAMS 0x00000000c3800000| PB 0x00000000c3800000| Untracked |  0
|   5|0x00000000c3900000, 0x00000000c3900000, 0x00000000c3a00000|  0%| F|  |TAMS 0x00000000c3900000| PB 0x00000000c3900000| Untracked |  0
|   6|0x00000000c3a00000, 0x00000000c3a00000, 0x00000000c3b00000|  0%| F|  |TAMS 0x00000000c3a00000| PB 0x00000000c3a00000| Untracked |  0
|   7|0x00000000c3b00000, 0x00000000c3b00000, 0x00000000c3c00000|  0%| F|  |TAMS 0x00000000c3b00000| PB 0x00000000c3b00000| Untracked |  0
|   8|0x00000000c3c00000, 0x00000000c3c00000, 0x00000000c3d00000|  0%| F|  |TAMS 0x00000000c3c00000| PB 0x00000000c3c00000| Untracked |  0
|   9|0x00000000c3d00000, 0x00000000c3d00000, 0x00000000c3e00000|  0%| F|  |TAMS 0x00000000c3d00000| PB 0x00000000c3d00000| Untracked |  0
|  10|0x00000000c3e00000, 0x00000000c3e00000, 0x00000000c3f00000|  0%| F|  |TAMS 0x00000000c3e00000| PB 0x00000000c3e00000| Untracked |  0
|  11|0x00000000c3f00000, 0x00000000c3f00000, 0x00000000c4000000|  0%| F|  |TAMS 0x00000000c3f00000| PB 0x00000000c3f00000| Untracked |  0
|  12|0x00000000c4000000, 0x00000000c4000000, 0x00000000c4100000|  0%| F|  |TAMS 0x00000000c4000000| PB 0x00000000c4000000| Untracked |  0
|  13|0x00000000c4100000, 0x00000000c4100000, 0x00000000c4200000|  0%| F|  |TAMS 0x00000000c4100000| PB 0x00000000c4100000| Untracked |  0
|  14|0x00000000c4200000, 0x00000000c4200000, 0x00000000c4300000|  0%| F|  |TAMS 0x00000000c4200000| PB 0x00000000c4200000| Untracked |  0
|  15|0x00000000c4300000, 0x00000000c4300000, 0x00000000c4400000|  0%| F|  |TAMS 0x00000000c4300000| PB 0x00000000c4300000| Untracked |  0
|  16|0x00000000c4400000, 0x00000000c4400000, 0x00000000c4500000|  0%| F|  |TAMS 0x00000000c4400000| PB 0x00000000c4400000| Untracked |  0
|  17|0x00000000c4500000, 0x00000000c4500000, 0x00000000c4600000|  0%| F|  |TAMS 0x00000000c4500000| PB 0x00000000c4500000| Untracked |  0
|  18|0x00000000c4600000, 0x00000000c4600000, 0x00000000c4700000|  0%| F|  |TAMS 0x00000000c4600000| PB 0x00000000c4600000| Untracked |  0
|  19|0x00000000c4700000, 0x00000000c4700000, 0x00000000c4800000|  0%| F|  |TAMS 0x00000000c4700000| PB 0x00000000c4700000| Untracked |  0
|  20|0x00000000c4800000, 0x00000000c4800000, 0x00000000c4900000|  0%| F|  |TAMS 0x00000000c4800000| PB 0x00000000c4800000| Untracked |  0
|  21|0x00000000c4900000, 0x00000000c4900000, 0x00000000c4a00000|  0%| F|  |TAMS 0x00000000c4900000| PB 0x00000000c4900000| Untracked |  0
|  22|0x00000000c4a00000, 0x00000000c4a00000, 0x00000000c4b00000|  0%| F|  |TAMS 0x00000000c4a00000| PB 0x00000000c4a00000| Untracked |  0
|  23|0x00000000c4b00000, 0x00000000c4b00000, 0x00000000c4c00000|  0%| F|  |TAMS 0x00000000c4b00000| PB 0x00000000c4b00000| Untracked |  0
|  24|0x00000000c4c00000, 0x00000000c4c00000, 0x00000000c4d00000|  0%| F|  |TAMS 0x00000000c4c00000| PB 0x00000000c4c00000| Untracked |  0
|  25|0x00000000c4d00000, 0x00000000c4d00000, 0x00000000c4e00000|  0%| F|  |TAMS 0x00000000c4d00000| PB 0x00000000c4d00000| Untracked |  0
|  26|0x00000000c4e00000, 0x00000000c4e00000, 0x00000000c4f00000|  0%| F|  |TAMS 0x00000000c4e00000| PB 0x00000000c4e00000| Untracked |  0
|  27|0x00000000c4f00000, 0x00000000c4f00000, 0x00000000c5000000|  0%| F|  |TAMS 0x00000000c4f00000| PB 0x00000000c4f00000| Untracked |  0
|  28|0x00000000c5000000, 0x00000000c5000000, 0x00000000c5100000|  0%| F|  |TAMS 0x00000000c5000000| PB 0x00000000c5000000| Untracked |  0
|  29|0x00000000c5100000, 0x00000000c5100000, 0x00000000c5200000|  0%| F|  |TAMS 0x00000000c5100000| PB 0x00000000c5100000| Untracked |  0
|  30|0x00000000c5200000, 0x00000000c5200000, 0x00000000c5300000|  0%| F|  |TAMS 0x00000000c5200000| PB 0x00000000c5200000| Untracked |  0
|  31|0x00000000c5300000, 0x00000000c5300000, 0x00000000c5400000|  0%| F|  |TAMS 0x00000000c5300000| PB 0x00000000c5300000| Untracked |  0
|  32|0x00000000c5400000, 0x00000000c5400000, 0x00000000c5500000|  0%| F|  |TAMS 0x00000000c5400000| PB 0x00000000c5400000| Untracked |  0
|  33|0x00000000c5500000, 0x00000000c5500000, 0x00000000c5600000|  0%| F|  |TAMS 0x00000000c5500000| PB 0x00000000c5500000| Untracked |  0
|  34|0x00000000c5600000, 0x00000000c5600000, 0x00000000c5700000|  0%| F|  |TAMS 0x00000000c5600000| PB 0x00000000c5600000| Untracked |  0
|  35|0x00000000c5700000, 0x00000000c5700000, 0x00000000c5800000|  0%| F|  |TAMS 0x00000000c5700000| PB 0x00000000c5700000| Untracked |  0
|  36|0x00000000c5800000, 0x00000000c5800000, 0x00000000c5900000|  0%| F|  |TAMS 0x00000000c5800000| PB 0x00000000c5800000| Untracked |  0
|  37|0x00000000c5900000, 0x00000000c5900000, 0x00000000c5a00000|  0%| F|  |TAMS 0x00000000c5900000| PB 0x00000000c5900000| Untracked |  0
|  38|0x00000000c5a00000, 0x00000000c5a00000, 0x00000000c5b00000|  0%| F|  |TAMS 0x00000000c5a00000| PB 0x00000000c5a00000| Untracked |  0
|  39|0x00000000c5b00000, 0x00000000c5b00000, 0x00000000c5c00000|  0%| F|  |TAMS 0x00000000c5b00000| PB 0x00000000c5b00000| Untracked |  0
|  40|0x00000000c5c00000, 0x00000000c5c00000, 0x00000000c5d00000|  0%| F|  |TAMS 0x00000000c5c00000| PB 0x00000000c5c00000| Untracked |  0
|  41|0x00000000c5d00000, 0x00000000c5d00000, 0x00000000c5e00000|  0%| F|  |TAMS 0x00000000c5d00000| PB 0x00000000c5d00000| Untracked |  0
|  42|0x00000000c5e00000, 0x00000000c5e00000, 0x00000000c5f00000|  0%| F|  |TAMS 0x00000000c5e00000| PB 0x00000000c5e00000| Untracked |  0
|  43|0x00000000c5f00000, 0x00000000c5f00000, 0x00000000c6000000|  0%| F|  |TAMS 0x00000000c5f00000| PB 0x00000000c5f00000| Untracked |  0
|  44|0x00000000c6000000, 0x00000000c6000000, 0x00000000c6100000|  0%| F|  |TAMS 0x00000000c6000000| PB 0x00000000c6000000| Untracked |  0
|  45|0x00000000c6100000, 0x00000000c6100000, 0x00000000c6200000|  0%| F|  |TAMS 0x00000000c6100000| PB 0x00000000c6100000| Untracked |  0
|  46|0x00000000c6200000, 0x00000000c6200000, 0x00000000c6300000|  0%| F|  |TAMS 0x00000000c6200000| PB 0x00000000c6200000| Untracked |  0
|  47|0x00000000c6300000, 0x00000000c6300000, 0x00000000c6400000|  0%| F|  |TAMS 0x00000000c6300000| PB 0x00000000c6300000| Untracked |  0
|  48|0x00000000c6400000, 0x00000000c6400000, 0x00000000c6500000|  0%| F|  |TAMS 0x00000000c6400000| PB 0x00000000c6400000| Untracked |  0
|  49|0x00000000c6500000, 0x00000000c6500000, 0x00000000c6600000|  0%| F|  |TAMS 0x00000000c6500000| PB 0x00000000c6500000| Untracked |  0
|  50|0x00000000c6600000, 0x00000000c6600000, 0x00000000c6700000|  0%| F|  |TAMS 0x00000000c6600000| PB 0x00000000c6600000| Untracked |  0
|  51|0x00000000c6700000, 0x00000000c6700000, 0x00000000c6800000|  0%| F|  |TAMS 0x00000000c6700000| PB 0x00000000c6700000| Untracked |  0
|  52|0x00000000c6800000, 0x00000000c6800000, 0x00000000c6900000|  0%| F|  |TAMS 0x00000000c6800000| PB 0x00000000c6800000| Untracked |  0
|  53|0x00000000c6900000, 0x00000000c6900000, 0x00000000c6a00000|  0%| F|  |TAMS 0x00000000c6900000| PB 0x00000000c6900000| Untracked |  0
|  54|0x00000000c6a00000, 0x00000000c6a00000, 0x00000000c6b00000|  0%| F|  |TAMS 0x00000000c6a00000| PB 0x00000000c6a00000| Untracked |  0
|  55|0x00000000c6b00000, 0x00000000c6b00000, 0x00000000c6c00000|  0%| F|  |TAMS 0x00000000c6b00000| PB 0x00000000c6b00000| Untracked |  0
|  56|0x00000000c6c00000, 0x00000000c6c00000, 0x00000000c6d00000|  0%| F|  |TAMS 0x00000000c6c00000| PB 0x00000000c6c00000| Untracked |  0
|  57|0x00000000c6d00000, 0x00000000c6d00000, 0x00000000c6e00000|  0%| F|  |TAMS 0x00000000c6d00000| PB 0x00000000c6d00000| Untracked |  0
|  58|0x00000000c6e00000, 0x00000000c6e8f620, 0x00000000c6f00000| 56%| E|  |TAMS 0x00000000c6e00000| PB 0x00000000c6e00000| Complete |  0
|  59|0x00000000c6f00000, 0x00000000c7000000, 0x00000000c7000000|100%| E|CS|TAMS 0x00000000c6f00000| PB 0x00000000c6f00000| Complete |  0
|  60|0x00000000c7000000, 0x00000000c7100000, 0x00000000c7100000|100%| E|CS|TAMS 0x00000000c7000000| PB 0x00000000c7000000| Complete |  0
|  61|0x00000000c7100000, 0x00000000c7200000, 0x00000000c7200000|100%| E|CS|TAMS 0x00000000c7100000| PB 0x00000000c7100000| Complete |  0

Card table byte_map: [0x000001a8fd1c0000,0x000001a8fd3b0000] _byte_map_base: 0x000001a8fcba6000

Marking Bits: (CMBitMap*) 0x000001a8f4cb7830
 Bits: [0x000001a8fd3b0000, 0x000001a8fe2e0000)

Polling page: 0x000001a8f4450000

Metaspace:

Usage:
  Non-class:      6.36 MB used.
      Class:    607.03 KB used.
       Both:      6.96 MB used.

Virtual space:
  Non-class space:       64.00 MB reserved,       6.44 MB ( 10%) committed,  1 nodes.
      Class space:        1.00 GB reserved,     704.00 KB ( <1%) committed,  1 nodes.
             Both:        1.06 GB reserved,       7.12 MB ( <1%) committed. 

Chunk freelists:
   Non-Class:  9.00 MB
       Class:  15.25 MB
        Both:  24.24 MB

MaxMetaspaceSize: unlimited
CompressedClassSpaceSize: 1.00 GB
Initial GC threshold: 21.00 MB
Current GC threshold: 21.00 MB
CDS: off
 - commit_granule_bytes: 65536.
 - commit_granule_words: 8192.
 - virtual_space_node_default_size: 8388608.
 - enlarge_chunks_in_place: 1.
 - use_allocation_guard: 0.


Internal statistics:

num_allocs_failed_limit: 0.
num_arena_births: 10.
num_arena_deaths: 0.
num_vsnodes_births: 2.
num_vsnodes_deaths: 0.
num_space_committed: 114.
num_space_uncommitted: 0.
num_chunks_returned_to_freelist: 0.
num_chunks_taken_from_freelist: 34.
num_chunk_merges: 0.
num_chunk_splits: 15.
num_chunks_enlarged: 9.
num_inconsistent_stats: 0.

CodeHeap 'non-profiled nmethods': size=120000Kb used=74Kb max_used=74Kb free=119925Kb
 bounds [0x000001a887ad0000, 0x000001a887d40000, 0x000001a88f000000]
CodeHeap 'profiled nmethods': size=120000Kb used=356Kb max_used=356Kb free=119643Kb
 bounds [0x000001a880000000, 0x000001a880270000, 0x000001a887530000]
CodeHeap 'non-nmethods': size=5760Kb used=1389Kb max_used=1397Kb free=4371Kb
 bounds [0x000001a887530000, 0x000001a8877a0000, 0x000001a887ad0000]
 total_blobs=668 nmethods=268 adapters=305
 compilation: enabled
              stopped_count=0, restarted_count=0
 full_count=0

Compilation events (20 events):
Event: 0.648 Thread 0x000001a8911fa320  258       3       jdk.internal.org.objectweb.asm.SymbolTable::hash (10 bytes)
Event: 0.648 Thread 0x000001a8911fa320 nmethod 258 0x000001a880055c10 code [0x000001a880055dc0, 0x000001a880055ef0]
Event: 0.650 Thread 0x000001a8911fa320  259       3       jdk.internal.util.ReferencedKeyMap::get (26 bytes)
Event: 0.650 Thread 0x000001a8911fa320 nmethod 259 0x000001a880056010 code [0x000001a880056240, 0x000001a8800569e0]
Event: 0.650 Thread 0x000001a8911fa320  262       3       jdk.internal.org.objectweb.asm.ByteVector::putShort (52 bytes)
Event: 0.650 Thread 0x000001a8911fa320 nmethod 262 0x000001a880056c90 code [0x000001a880056e40, 0x000001a880057040]
Event: 0.650 Thread 0x000001a8911fa320  260       1       java.lang.invoke.MethodType::ptypes (5 bytes)
Event: 0.650 Thread 0x000001a8911fa320 nmethod 260 0x000001a887ae2310 code [0x000001a887ae24a0, 0x000001a887ae2568]
Event: 0.650 Thread 0x000001a8911fa320  263       3       java.lang.String::replace (42 bytes)
Event: 0.651 Thread 0x000001a8911fa320 nmethod 263 0x000001a880057190 code [0x000001a880057360, 0x000001a880057670]
Event: 0.651 Thread 0x000001a8911fa320  266       3       jdk.internal.util.StrongReferenceKey::hashCode (8 bytes)
Event: 0.651 Thread 0x000001a8911fa320 nmethod 266 0x000001a880057790 code [0x000001a880057940, 0x000001a880057b20]
Event: 0.651 Thread 0x000001a8911fa320  264       3       jdk.internal.org.objectweb.asm.Symbol::<init> (38 bytes)
Event: 0.651 Thread 0x000001a8911fa320 nmethod 264 0x000001a880057c10 code [0x000001a880057dc0, 0x000001a880058050]
Event: 0.651 Thread 0x000001a8911fa320  265       3       jdk.internal.org.objectweb.asm.SymbolTable::put (150 bytes)
Event: 0.651 Thread 0x000001a8911fa320 nmethod 265 0x000001a880058110 code [0x000001a880058300, 0x000001a880058ac0]
Event: 0.651 Thread 0x000001a8911fa320  267       1       java.lang.invoke.MethodHandle::type (5 bytes)
Event: 0.651 Thread 0x000001a8911fa320 nmethod 267 0x000001a887ae2610 code [0x000001a887ae27a0, 0x000001a887ae2868]
Event: 0.652 Thread 0x000001a8911fa320  268       3       java.util.Optional::<init> (10 bytes)
Event: 0.652 Thread 0x000001a8911fa320 nmethod 268 0x000001a880058d90 code [0x000001a880058f20, 0x000001a8800590d8]

GC Heap History (0 events):
No events

Dll operation events (5 events):
Event: 0.027 Loaded shared library C:\Program Files\Java\jdk-22\bin\java.dll
Event: 0.223 Loaded shared library C:\Program Files\Java\jdk-22\bin\jsvml.dll
Event: 0.468 Loaded shared library C:\Program Files\Java\jdk-22\bin\net.dll
Event: 0.470 Loaded shared library C:\Program Files\Java\jdk-22\bin\nio.dll
Event: 0.489 Loaded shared library C:\Program Files\Java\jdk-22\bin\zip.dll

Deoptimization events (8 events):
Event: 0.424 Thread 0x000001a8f2ac2880 Uncommon trap: trap_request=0xffffff45 fr.pc=0x000001a887ad1650 relative=0x00000000000000b0
Event: 0.424 Thread 0x000001a8f2ac2880 Uncommon trap: reason=unstable_if action=reinterpret pc=0x000001a887ad1650 method=java.lang.String.isLatin1()Z @ 10 c2
Event: 0.424 Thread 0x000001a8f2ac2880 DEOPT PACKING pc=0x000001a887ad1650 sp=0x000000a511efef70
Event: 0.424 Thread 0x000001a8f2ac2880 DEOPT UNPACKING pc=0x000001a887587da2 sp=0x000000a511efeeb0 mode 2
Event: 0.545 Thread 0x000001a8f2ac2880 DEOPT PACKING pc=0x000001a88001e2fc sp=0x000000a511efad00
Event: 0.545 Thread 0x000001a8f2ac2880 DEOPT UNPACKING pc=0x000001a8875888e2 sp=0x000000a511efa120 mode 0
Event: 0.559 Thread 0x000001a8f2ac2880 DEOPT PACKING pc=0x000001a880009acc sp=0x000000a511efad80
Event: 0.559 Thread 0x000001a8f2ac2880 DEOPT UNPACKING pc=0x000001a8875888e2 sp=0x000000a511efa1e8 mode 0

Classes loaded (20 events):
Event: 0.651 Loading class java/util/stream/ReferencePipeline$7$1 done
Event: 0.651 Loading class java/util/stream/ReferencePipeline$3$1
Event: 0.652 Loading class java/util/stream/ReferencePipeline$3$1 done
Event: 0.652 Loading class java/util/stream/Streams$StreamBuilderImpl
Event: 0.652 Loading class java/util/stream/Stream$Builder
Event: 0.652 Loading class java/util/stream/Stream$Builder done
Event: 0.652 Loading class java/util/stream/Streams$AbstractStreamBuilderImpl
Event: 0.652 Loading class java/util/stream/Streams$AbstractStreamBuilderImpl done
Event: 0.652 Loading class java/util/stream/Streams$StreamBuilderImpl done
Event: 0.652 Loading class java/util/stream/Streams
Event: 0.652 Loading class java/util/stream/Streams done
Event: 0.652 Loading class java/util/IdentityHashMap$Values
Event: 0.652 Loading class java/util/IdentityHashMap$Values done
Event: 0.653 Loading class jdk/internal/logger/BootstrapLogger
Event: 0.653 Loading class java/lang/System$Logger
Event: 0.653 Loading class java/lang/System$Logger done
Event: 0.653 Loading class sun/util/logging/PlatformLogger$Bridge
Event: 0.653 Loading class sun/util/logging/PlatformLogger$Bridge done
Event: 0.653 Loading class sun/util/logging/PlatformLogger$ConfigurableBridge
Event: 0.653 Loading class sun/util/logging/PlatformLogger$ConfigurableBridge done

Classes unloaded (0 events):
No events

Classes redefined (0 events):
No events

Internal exceptions (0 events):
No events

ZGC Phase Switch (0 events):
No events

VM Operations (2 events):
Event: 0.499 Executing VM operation: HandshakeAllThreads (Deoptimize)
Event: 0.499 Executing VM operation: HandshakeAllThreads (Deoptimize) done

Events (11 events):
Event: 0.054 Thread 0x000001a8f2ac2880 Thread added: 0x000001a8f2ac2880
Event: 0.215 Thread 0x000001a8911bcc30 Thread added: 0x000001a8911bcc30
Event: 0.216 Thread 0x000001a8911e9f00 Thread added: 0x000001a8911e9f00
Event: 0.219 Thread 0x000001a891328ea0 Thread added: 0x000001a891328ea0
Event: 0.219 Thread 0x000001a891329900 Thread added: 0x000001a891329900
Event: 0.219 Thread 0x000001a8911f6260 Thread added: 0x000001a8911f6260
Event: 0.219 Thread 0x000001a8911f6cc0 Thread added: 0x000001a8911f6cc0
Event: 0.219 Thread 0x000001a891318340 Thread added: 0x000001a891318340
Event: 0.220 Thread 0x000001a8911fa320 Thread added: 0x000001a8911fa320
Event: 0.418 Thread 0x000001a8914b8bb0 Thread added: 0x000001a8914b8bb0
Event: 0.434 Thread 0x000001a8914c7e30 Thread added: 0x000001a8914c7e30


Dynamic libraries:
0x00007ff64a3e0000 - 0x00007ff64a3f0000 	C:\Program Files\Java\jdk-22\bin\javaw.exe
0x00007ffb68b90000 - 0x00007ffb68d88000 	C:\Windows\SYSTEM32\ntdll.dll
0x00007ffb68920000 - 0x00007ffb689df000 	C:\Windows\System32\KERNEL32.DLL
0x00007ffb66440000 - 0x00007ffb66712000 	C:\Windows\System32\KERNELBASE.dll
0x00007ffb66720000 - 0x00007ffb66820000 	C:\Windows\System32\ucrtbase.dll
0x00007ffb5f880000 - 0x00007ffb5f89b000 	C:\Program Files\Java\jdk-22\bin\VCRUNTIME140.dll
0x00007ffb5fce0000 - 0x00007ffb5fcf7000 	C:\Program Files\Java\jdk-22\bin\jli.dll
0x00007ffb674f0000 - 0x00007ffb6759e000 	C:\Windows\System32\ADVAPI32.dll
0x00007ffb686b0000 - 0x00007ffb6874e000 	C:\Windows\System32\msvcrt.dll
0x00007ffb67450000 - 0x00007ffb674ec000 	C:\Windows\System32\sechost.dll
0x00007ffb67bd0000 - 0x00007ffb67cf5000 	C:\Windows\System32\RPCRT4.dll
0x00007ffb684b0000 - 0x00007ffb6864d000 	C:\Windows\System32\USER32.dll
0x00007ffb668e0000 - 0x00007ffb66902000 	C:\Windows\System32\win32u.dll
0x00007ffb687b0000 - 0x00007ffb687db000 	C:\Windows\System32\GDI32.dll
0x00007ffb66ad0000 - 0x00007ffb66bdf000 	C:\Windows\System32\gdi32full.dll
0x00007ffb66980000 - 0x00007ffb66a1d000 	C:\Windows\System32\msvcp_win.dll
0x00007ffb4d7a0000 - 0x00007ffb4da3a000 	C:\Windows\WinSxS\amd64_microsoft.windows.common-controls_6595b64144ccf1df_6.0.19041.1110_none_60b5254171f9507e\COMCTL32.dll
0x00007ffb5e360000 - 0x00007ffb5e36a000 	C:\Windows\SYSTEM32\VERSION.dll
0x00007ffb683e0000 - 0x00007ffb68412000 	C:\Windows\System32\IMM32.DLL
0x00007ffb605e0000 - 0x00007ffb605ec000 	C:\Program Files\Java\jdk-22\bin\vcruntime140_1.dll
0x00007ffb32990000 - 0x00007ffb32a1e000 	C:\Program Files\Java\jdk-22\bin\msvcp140.dll
0x00007ffb1dd80000 - 0x00007ffb1eac7000 	C:\Program Files\Java\jdk-22\bin\server\jvm.dll
0x00007ffb67e30000 - 0x00007ffb67e9b000 	C:\Windows\System32\WS2_32.dll
0x00007ffb66100000 - 0x00007ffb6614b000 	C:\Windows\SYSTEM32\POWRPROF.dll
0x00007ffb50980000 - 0x00007ffb509a7000 	C:\Windows\SYSTEM32\WINMM.dll
0x00007ffb660e0000 - 0x00007ffb660f2000 	C:\Windows\SYSTEM32\UMPDC.dll
0x00007ffb64150000 - 0x00007ffb64162000 	C:\Windows\SYSTEM32\kernel.appcore.dll
0x00007ffb5ff00000 - 0x00007ffb5ff0a000 	C:\Program Files\Java\jdk-22\bin\jimage.dll
0x00007ffb52040000 - 0x00007ffb52224000 	C:\Windows\SYSTEM32\DBGHELP.DLL
0x00007ffb4ee90000 - 0x00007ffb4eebc000 	C:\Windows\SYSTEM32\dbgcore.DLL
0x00007ffb66850000 - 0x00007ffb668d2000 	C:\Windows\System32\bcryptPrimitives.dll
0x00007ffb5f470000 - 0x00007ffb5f48e000 	C:\Program Files\Java\jdk-22\bin\java.dll
0x00007ffb66d00000 - 0x00007ffb67443000 	C:\Windows\System32\SHELL32.dll
0x00007ffb682b0000 - 0x00007ffb683da000 	C:\Windows\System32\ole32.dll
0x00007ffb67f50000 - 0x00007ffb682a4000 	C:\Windows\System32\combase.dll
0x00007ffb64350000 - 0x00007ffb64ae2000 	C:\Windows\SYSTEM32\windows.storage.dll
0x00007ffb65c80000 - 0x00007ffb65cb0000 	C:\Windows\SYSTEM32\Wldp.dll
0x00007ffb67ea0000 - 0x00007ffb67f4d000 	C:\Windows\System32\SHCORE.dll
0x00007ffb68650000 - 0x00007ffb686a5000 	C:\Windows\System32\shlwapi.dll
0x00007ffb661d0000 - 0x00007ffb661ef000 	C:\Windows\SYSTEM32\profapi.dll
0x00007ffb31f30000 - 0x00007ffb32007000 	C:\Program Files\Java\jdk-22\bin\jsvml.dll
0x00007ffb5fa60000 - 0x00007ffb5fa70000 	C:\Program Files\Java\jdk-22\bin\net.dll
0x00007ffb65970000 - 0x00007ffb659da000 	C:\Windows\system32\mswsock.dll
0x00007ffb5de10000 - 0x00007ffb5de26000 	C:\Program Files\Java\jdk-22\bin\nio.dll
0x00007ffb5bcf0000 - 0x00007ffb5bd07000 	C:\Program Files\Java\jdk-22\bin\zip.dll

dbghelp: loaded successfully - version: 4.0.5 - missing functions: none
symbol engine: initialized successfully - sym options: 0x614 - pdb path: .;C:\Program Files\Java\jdk-22\bin;C:\Windows\SYSTEM32;C:\Windows\WinSxS\amd64_microsoft.windows.common-controls_6595b64144ccf1df_6.0.19041.1110_none_60b5254171f9507e;C:\Program Files\Java\jdk-22\bin\server

VM Arguments:
jvm_args: -Dfile.encoding=UTF-8 -Dstdout.encoding=UTF-8 -Dstderr.encoding=UTF-8 -XX:+ShowCodeDetailsInExceptionMessages 
java_command: Konnect.Registration
java_class_path (initial): D:\Eclipce_workplace\Automation\target\classes;C:\Users\Windows 10\.p2\pool\plugins\org.junit_4.13.2.v20230809-1000.jar;C:\Users\Windows 10\.p2\pool\plugins\org.hamcrest_2.2.0.jar;C:\Users\Windows 10\.p2\pool\plugins\org.hamcrest.core_2.2.0.v20230809-1000.jar;C:\Users\Windows 10\.m2\repository\org\seleniumhq\selenium\selenium-java\4.22.0\selenium-java-4.22.0.jar;C:\Users\Windows 10\.m2\repository\org\seleniumhq\selenium\selenium-api\4.22.0\selenium-api-4.22.0.jar;C:\Users\Windows 10\.m2\repository\org\seleniumhq\selenium\selenium-chrome-driver\4.22.0\selenium-chrome-driver-4.22.0.jar;C:\Users\Windows 10\.m2\repository\com\google\auto\service\auto-service-annotations\1.1.1\auto-service-annotations-1.1.1.jar;C:\Users\Windows 10\.m2\repository\org\seleniumhq\selenium\selenium-chromium-driver\4.22.0\selenium-chromium-driver-4.22.0.jar;C:\Users\Windows 10\.m2\repository\org\seleniumhq\selenium\selenium-json\4.22.0\selenium-json-4.22.0.jar;C:\Users\Windows 10\.m2\repository\org\seleniumhq\selenium\selenium-manager\4.22.0\selenium-manager-4.22.0.jar;C:\Users\Windows 10\.m2\repository\org\seleniumhq\selenium\selenium-devtools-v124\4.22.0\selenium-devtools-v124-4.22.0.jar;C:\Users\Windows 10\.m2\repository\org\seleniumhq\selenium\selenium-devtools-v125\4.22.0\selenium-devtools-v125-4.22.0.jar;C:\Users\Windows 10\.m2\repository\org\seleniumhq\selenium\selenium-devtools-v126\4.22.0\selenium-devtools-v126-4.22.0.jar;C:\Users\Windows 10\.m2\repository\org\seleniumhq\selenium\selenium-devtools-v85\4.22.0\selenium-devtools-v85-4.22.0.jar;C:\Users\Windows 10\.m2\repository\org\seleniumhq\selenium\selenium-edge-driver\4.22.0\selenium-edge-driver-4.22.0.jar;C:\Users\Windows 10\.m2\repository\org\seleniumhq\selenium\selenium-firefox-driver\4.22.0\selenium-firefox-driver-4.22.0.jar;C:\Users\Windows 10\.m2\repository\org\seleniumhq\selenium\selenium-http\4.22.0\selenium-http-4.22.0.jar;C:\Users\Windows 10\.m2\repository\dev\failsafe\failsafe\3.3.2\failsafe-3.3.2.jar;C:\Users\Windows 10\.m2\repository\org\seleniumhq\selenium\selenium-ie-driver\4.22.0\selenium-ie-driver-4.22.0.jar;C:\Users\Windows 10\.m2\repository\org\seleniumhq\selenium\selenium-remote-driver\4.22.0\selenium-remote-driver-4.22.0.jar;C:\Users\Windows 10\.m2\repository\com\google\guava\guava\33.2.1-jre\guava-33.2.1-jre.jar;C:\Users\Windows 10\.m2\repository\com\google\guava\failureaccess\1.0.2\failureaccess-1.0.2.jar;C:\Users\Windows 10\.m2\repository\com\google\guava\listenablefuture\9999.0-empty-to-avoid-conflict-with-guava\listenablefuture-9999.0-empty-to-avoid-conflict-with-guava.jar;C:\Users\Windows 10\.m2\repository\com\google\code\findbugs\jsr305\3.0.2\jsr305-3.0.2.jar;C:\Users\Windows 10\.m2\repository\org\checkerframework\checker-qual\3.42.0\checker-qual-3.42.0.jar;C:\Users\Windows 10\.m2\repository\com\google\errorprone\error_prone_annotations\2.26.1\error_prone_annotations-2.26.1.jar;C:\Users\Windows 10\.m2\repository\com\google\j2objc\j2objc-annotations\3.0.0\j2objc-annotations-3.0.0.jar;C:\Users\Windows 10\.m2\repository\io\opentelemetry\semconv\opentelemetry-semconv\1.25.0-alpha\opentelemetry-semconv-1.25.0-alpha.jar;C:\Users\Windows 10\.m2\repository\io\opentelemetry\opentelemetry-api\1.39.0\opentelemetry-api-1.39.0.jar;C:\Users\Windows 10\.m2\repository\io\opentelemetry\opentelemetry-context\1.39.0\opentelemetry-context-1.39.0.jar;C:\Users\Windows 10\.m2\repository\io\opentelemetry\opentelemetry-exporter-logging\1.39.0\opentelemetry-exporter-logging-1.39.0.jar;C:\Users\Windows 10\.m2\repository\io\opentelemetry\opentelemetry-sdk-common\1.39.0\opentelemetry-sdk-common-1.39.0.jar;C:\Users\Windows 10\.m2\repository\io\opentelemetry\opentelemetry-sdk-extension-autoconfigure-spi\1.39.0\opentelemetry-sdk-extension-autoconfigure-spi-1.39.0.jar;C:\Users\Windows 10\.m2\repository\io\opentelemetry\opentelemetry-sdk-extension-autoconfigure\1.39.0\opentelemetry-sdk-extension-autoconfigure-1.39.0.jar;C:\Users\Windows 10\.m2\repository\io\opentelemetry\opentelemetry-api-incubator\1.39.0-alpha\opentelemetry-api-incubator-1.39.0-alpha.jar;C:\Users\Windows 10\.m2\repository\io\opentelemetry\opentelemetry-sdk-trace\1.39.0\opentelemetry-sdk-trace-1.39.0.jar;C:\Users\Windows 10\.m2\repository\io\opentelemetry\opentelemetry-sdk\1.39.0\opentelemetry-sdk-1.39.0.jar;C:\Users\Windows 10\.m2\repository\io\opentelemetry\opentelemetry-sdk-metrics\1.39.0\opentelemetry-sdk-metrics-1.39.0.jar;C:\Users\Windows 10\.m2\repository\io\opentelemetry\opentelemetry-sdk-logs\1.39.0\opentelemetry-sdk-logs-1.39.0.jar;C:\Users\Windows 10\.m2\repository\net\bytebuddy\byte-buddy\1.14.17\byte-buddy-1.14.17.jar;C:\Users\Windows 10\.m2\repository\org\seleniumhq\selenium\selenium-os\4.22.0\selenium-os-4.22.0.jar;C:\Users\Windows 10\.m2\repository\org\apache\commons\commons-exec\1.4.0\commons-exec-1.4.0.jar;C:\Users\Windows 10\.m2\repository\org\seleniumhq\selenium\selenium-safari-driver\4.22.0\selenium-safari-driver-4.22.0.jar;C:\Users\Windows 10\.m2\repository\org\seleniumhq\selenium\selenium-support\4.22.0\selenium-support-4.22.0.jar;C:\Users\Windows 10\.m2\repository\io\github\bonigarcia\webdrivermanager\5.7.0\webdrivermanager-5.7.0.jar;C:\Users\Windows 10\.m2\repository\org\slf4j\slf4j-api\2.0.12\slf4j-api-2.0.12.jar;C:\Users\Windows 10\.m2\repository\com\google\code\gson\gson\2.10.1\gson-2.10.1.jar;C:\Users\Windows 10\.m2\repository\com\github\docker-java\docker-java\3.3.5\docker-java-3.3.5.jar;C:\Users\Windows 10\.m2\repository\com\github\docker-java\docker-java-core\3.3.5\docker-java-core-3.3.5.jar;C:\Users\Windows 10\.m2\repository\com\github\docker-java\docker-java-api\3.3.5\docker-java-api-3.3.5.jar;C:\Users\Windows 10\.m2\repository\com\fasterxml\jackson\core\jackson-annotations\2.10.3\jackson-annotations-2.10.3.jar;C:\Users\Windows 10\.m2\repository\com\fasterxml\jackson\core\jackson-databind\2.10.3\jackson-databind-2.10.3.jar;C:\Users\Windows 10\.m2\repository\com\fasterxml\jackson\core\jackson-core\2.10.3\jackson-core-2.10.3.jar;C:\Users\Windows 10\.m2\repository\org\bouncycastle\bcpkix-jdk18on\1.76\bcpkix-jdk18on-1.76.jar;C:\Users\Windows 10\.m2\repository\org\bouncycastle\bcprov-jdk18on\1.76\bcprov-jdk18on-1.76.jar;C:\Users\Windows 10\.m2\repository\org\bouncycastle\bcutil-jdk18on\1.76\bcutil-jdk18on-1.76.jar;C:\Users\Windows 10\.m2\repository\org\slf4j\jcl-over-slf4j\1.7.30\jcl-over-slf4j-1.7.30.jar;C:\Users\Windows 10\.m2\repository\com\github\docker-java\docker-java-transport-httpclient5\3.3.5\docker-java-transport-httpclient5-3.3.5.jar;C:\Users\Windows 10\.m2\repository\com\github\docker-java\docker-java-transport\3.3.5\docker-java-transport-3.3.5.jar;C:\Users\Windows 10\.m2\repository\net\java\dev\jna\jna\5.13.0\jna-5.13.0.jar;C:\Users\Windows 10\.m2\repository\org\brotli\dec\0.1.2\dec-0.1.2.jar;C:\Users\Windows 10\.m2\repository\org\apache\commons\commons-lang3\3.14.0\commons-lang3-3.14.0.jar;C:\Users\Windows 10\.m2\repository\org\apache\commons\commons-compress\1.26.0\commons-compress-1.26.0.jar;C:\Users\Windows 10\.m2\repository\commons-io\commons-io\2.15.1\commons-io-2.15.1.jar;C:\Users\Windows 10\.m2\repository\org\apache\httpcomponents\client5\httpclient5\5.2.1\httpclient5-5.2.1.jar;C:\Users\Windows 10\.m2\repository\org\apache\httpcomponents\core5\httpcore5\5.2\httpcore5-5.2.jar;C:\Users\Windows 10\.m2\repository\org\apache\httpcomponents\core5\httpcore5-h2\5.2\httpcore5-h2-5.2.jar
Launcher Type: SUN_STANDARD

[Global flags]
     intx CICompilerCount                          = 3                                         {product} {ergonomic}
     uint ConcGCThreads                            = 1                                         {product} {ergonomic}
     uint G1ConcRefinementThreads                  = 4                                         {product} {ergonomic}
   size_t G1HeapRegionSize                         = 1048576                                   {product} {ergonomic}
   size_t InitialHeapSize                          = 65011712                                  {product} {ergonomic}
   size_t MarkStackSize                            = 4194304                                   {product} {ergonomic}
   size_t MaxHeapSize                              = 1019215872                                {product} {ergonomic}
   size_t MaxNewSize                               = 611319808                                 {product} {ergonomic}
   size_t MinHeapDeltaBytes                        = 1048576                                   {product} {ergonomic}
   size_t MinHeapSize                              = 8388608                                   {product} {ergonomic}
    uintx NonNMethodCodeHeapSize                   = 5832780                                {pd product} {ergonomic}
    uintx NonProfiledCodeHeapSize                  = 122912730                              {pd product} {ergonomic}
    uintx ProfiledCodeHeapSize                     = 122912730                              {pd product} {ergonomic}
    uintx ReservedCodeCacheSize                    = 251658240                              {pd product} {ergonomic}
     bool SegmentedCodeCache                       = true                                      {product} {ergonomic}
     bool ShowCodeDetailsInExceptionMessages       = true                                   {manageable} {command line}
   size_t SoftMaxHeapSize                          = 1019215872                             {manageable} {ergonomic}
     bool UseCompressedOops                        = true                           {product lp64_product} {ergonomic}
     bool UseG1GC                                  = true                                      {product} {ergonomic}
     bool UseLargePagesIndividualAllocation        = false                                  {pd product} {ergonomic}

Logging:
Log output configuration:
 #0: stdout all=warning uptime,level,tags foldmultilines=false
 #1: stderr all=off uptime,level,tags foldmultilines=false

Environment Variables:
JAVA_HOME=C:\Program Files\Java\jdk-22
PATH=C:\Program Files\Common Files\Oracle\Java\javapath;C:\Windows\system32;C:\Windows;C:\Windows\System32\Wbem;C:\Windows\System32\WindowsPowerShell\v1.0\;C:\Windows\System32\OpenSSH\;%JAVA_HOME%\bin;C:\Users\Windows 10\AppData\Local\Microsoft\WindowsApps;
USERNAME=Windows 10
OS=Windows_NT
PROCESSOR_IDENTIFIER=Intel64 Family 6 Model 126 Stepping 5, GenuineIntel
TMP=C:\Users\WINDOW~1\AppData\Local\Temp
TEMP=C:\Users\WINDOW~1\AppData\Local\Temp




Periodic native trim disabled

---------------  S Y S T E M  ---------------

OS:
 Windows 10 , 64 bit Build 19041 (10.0.19041.2251)
OS uptime: 101 days 7:36 hours

CPU: total 4 (initial active 4) (2 cores per cpu, 2 threads per core) family 6 model 126 stepping 5 microcode 0x78, cx8, cmov, fxsr, ht, mmx, 3dnowpref, sse, sse2, sse3, ssse3, sse4.1, sse4.2, popcnt, lzcnt, tsc, tscinvbit, avx, avx2, aes, erms, clmul, bmi1, bmi2, adx, avx512f, avx512dq, avx512cd, avx512bw, avx512vl, sha, fma, vzeroupper, avx512_vpopcntdq, avx512_vpclmulqdq, avx512_vaes, avx512_vnni, clflush, clflushopt, avx512_vbmi2, avx512_vbmi, rdtscp, rdpid, fsrm, gfni, avx512_bitalg, f16c, pku, avx512_ifma
Processor Information for all 4 processors :
  Max Mhz: 1190, Current Mhz: 1190, Mhz Limit: 1190

Memory: 4k page, system-wide physical 3885M (187M free)
TotalPageFile size 12972M (AvailPageFile size 0M)
current process WorkingSet (physical memory assigned to process): 35M, peak: 35M
current process commit charge ("private bytes"): 130M, peak: 130M

vm_info: Java HotSpot(TM) 64-Bit Server VM (22.0.1+8-16) for windows-amd64 JRE (22.0.1+8-16), built on 2024-03-12T10:33:16Z by "mach5one" with MS VC++ 17.6 (VS2022)

END.
